2017-01-18 14:19:01,817 CRIT Supervisor running as root (no user in config file)
2017-01-18 14:19:01,821 INFO daemonizing the supervisord process
2017-01-18 14:19:01,822 INFO set current directory: '/home/diggerdu/bin'
2017-01-18 14:19:01,822 INFO supervisord started with pid 13996
2017-01-18 14:19:02,825 INFO spawned: 'frpc' with pid 14013
2017-01-18 14:19:02,842 INFO exited: frpc (exit status 0; not expected)
2017-01-18 14:19:03,845 INFO spawned: 'frpc' with pid 14028
2017-01-18 14:19:03,862 INFO exited: frpc (exit status 0; not expected)
2017-01-18 14:19:05,866 INFO spawned: 'frpc' with pid 14050
2017-01-18 14:19:05,882 INFO exited: frpc (exit status 0; not expected)
2017-01-18 14:19:08,887 INFO spawned: 'frpc' with pid 14081
2017-01-18 14:19:08,903 INFO exited: frpc (exit status 0; not expected)
2017-01-18 14:19:09,905 INFO gave up: frpc entered FATAL state, too many start retries too quickly
2017-01-18 14:21:27,564 CRIT Supervisor running as root (no user in config file)
2017-01-18 14:21:27,568 INFO daemonizing the supervisord process
2017-01-18 14:21:27,568 INFO set current directory: '/home/diggerdu/bin'
2017-01-18 14:21:27,568 INFO supervisord started with pid 15312
2017-01-18 14:21:28,571 INFO spawned: 'frpc' with pid 15329
2017-01-18 14:21:29,573 INFO success: frpc entered RUNNING state, process has stayed up for > than 1 seconds (startsecs)
2017-01-18 16:05:21,152 WARN received SIGTERM indicating exit request
2017-01-18 16:05:21,153 WARN received SIGTERM indicating exit request
2017-01-18 16:05:21,154 INFO waiting for frpc to die
2017-01-18 16:05:21,159 INFO stopped: frpc (terminated by SIGTERM)
2017-01-18 16:05:21,159 WARN received SIGHUP indicating restart request
2017-01-18 17:34:47,695 CRIT Supervisor running as root (no user in config file)
2017-01-18 17:34:47,700 INFO daemonizing the supervisord process
2017-01-18 17:34:47,700 INFO set current directory: '/home/diggerdu/bin'
2017-01-18 17:34:47,701 INFO supervisord started with pid 16494
2017-01-18 17:34:48,704 INFO spawned: 'frpc' with pid 16504
2017-01-18 17:34:49,705 INFO success: frpc entered RUNNING state, process has stayed up for > than 1 seconds (startsecs)
2017-01-18 17:36:38,503 WARN received SIGTERM indicating exit request
2017-01-18 17:36:38,503 INFO waiting for frpc to die
2017-01-18 17:36:38,504 INFO stopped: frpc (terminated by SIGTERM)
